[Wed Nov 11 11:31:11 2020] install: silence
[Wed Nov 11 11:33:34 2020] install: physics
[Wed Nov 11 11:33:57 2020] install: siunitx
[Wed Nov 11 11:34:19 2020] install: cancel
[Wed Nov 11 11:34:44 2020] install: mdframed
[Wed Nov 11 11:37:24 2020] install: zref
[Wed Nov 11 11:37:40 2020] install: needspace
[Wed Nov 11 11:38:34 2020] install: was
[Wed Nov 11 11:48:43 2020] install: wrapfig
[Wed Nov 11 11:49:00 2020] install: graphviz
[Wed Nov 11 11:49:41 2020] install: quoting
[Wed Nov 11 11:49:54 2020] install: esint
[Wed Nov 11 11:50:09 2020] install: tcolorbox
[Wed Nov 11 11:50:24 2020] install: environ
[Wed Nov 11 11:50:41 2020] install: trimspaces
[Wed Nov 11 11:51:21 2020] install: listingsutf8
[Wed Nov 11 11:51:55 2020] install: stackengine
[Wed Nov 11 11:52:10 2020] install: titlesec
[Sun Jan 10 17:48:51 2021] install: import
[Sun Jan 10 17:49:30 2021] install: transparent
[Tue Jan 19 16:59:25 2021] install: subfiles
