[Wed Nov 11 11:31:11 2020] running mktexlsr
[Wed Nov 11 11:31:12 2020] success, output:
mktexlsr: /etc/texmf: directory not writable. Skipping...
mktexlsr: /usr/share/texmf-dist: directory not writable. Skipping...
mktexlsr: /var/lib/texmf: directory not writable. Skipping...
mktexlsr: Done.
--end of output of mktexlsr.

[Wed Nov 11 11:33:34 2020] running mktexlsr
[Wed Nov 11 11:33:34 2020] success, output:
mktexlsr: /etc/texmf: directory not writable. Skipping...
mktexlsr: /usr/share/texmf-dist: directory not writable. Skipping...
mktexlsr: /var/lib/texmf: directory not writable. Skipping...
mktexlsr: Done.
--end of output of mktexlsr.

[Wed Nov 11 11:33:57 2020] running mktexlsr
[Wed Nov 11 11:33:57 2020] success, output:
mktexlsr: /etc/texmf: directory not writable. Skipping...
mktexlsr: /usr/share/texmf-dist: directory not writable. Skipping...
mktexlsr: /var/lib/texmf: directory not writable. Skipping...
mktexlsr: Done.
--end of output of mktexlsr.

[Wed Nov 11 11:34:19 2020] running mktexlsr
[Wed Nov 11 11:34:19 2020] success, output:
mktexlsr: /etc/texmf: directory not writable. Skipping...
mktexlsr: /usr/share/texmf-dist: directory not writable. Skipping...
mktexlsr: /var/lib/texmf: directory not writable. Skipping...
mktexlsr: Done.
--end of output of mktexlsr.

[Wed Nov 11 11:34:44 2020] running mktexlsr
[Wed Nov 11 11:34:44 2020] success, output:
mktexlsr: /etc/texmf: directory not writable. Skipping...
mktexlsr: /usr/share/texmf-dist: directory not writable. Skipping...
mktexlsr: /var/lib/texmf: directory not writable. Skipping...
mktexlsr: Done.
--end of output of mktexlsr.

[Wed Nov 11 11:37:24 2020] running mktexlsr
[Wed Nov 11 11:37:24 2020] success, output:
mktexlsr: /etc/texmf: directory not writable. Skipping...
mktexlsr: /usr/share/texmf-dist: directory not writable. Skipping...
mktexlsr: /var/lib/texmf: directory not writable. Skipping...
mktexlsr: Done.
--end of output of mktexlsr.

[Wed Nov 11 11:37:40 2020] running mktexlsr
[Wed Nov 11 11:37:40 2020] success, output:
mktexlsr: /etc/texmf: directory not writable. Skipping...
mktexlsr: /usr/share/texmf-dist: directory not writable. Skipping...
mktexlsr: /var/lib/texmf: directory not writable. Skipping...
mktexlsr: Done.
--end of output of mktexlsr.

[Wed Nov 11 11:38:34 2020] running mktexlsr
[Wed Nov 11 11:38:35 2020] success, output:
mktexlsr: /etc/texmf: directory not writable. Skipping...
mktexlsr: /usr/share/texmf-dist: directory not writable. Skipping...
mktexlsr: /var/lib/texmf: directory not writable. Skipping...
mktexlsr: Done.
--end of output of mktexlsr.

[Wed Nov 11 11:48:43 2020] running mktexlsr
[Wed Nov 11 11:48:43 2020] success, output:
mktexlsr: /etc/texmf: directory not writable. Skipping...
mktexlsr: /usr/share/texmf-dist: directory not writable. Skipping...
mktexlsr: /var/lib/texmf: directory not writable. Skipping...
mktexlsr: Done.
--end of output of mktexlsr.

[Wed Nov 11 11:49:00 2020] running mktexlsr
[Wed Nov 11 11:49:00 2020] success, output:
mktexlsr: /etc/texmf: directory not writable. Skipping...
mktexlsr: /usr/share/texmf-dist: directory not writable. Skipping...
mktexlsr: /var/lib/texmf: directory not writable. Skipping...
mktexlsr: Done.
--end of output of mktexlsr.

[Wed Nov 11 11:49:41 2020] running mktexlsr
[Wed Nov 11 11:49:41 2020] success, output:
mktexlsr: /etc/texmf: directory not writable. Skipping...
mktexlsr: /usr/share/texmf-dist: directory not writable. Skipping...
mktexlsr: /var/lib/texmf: directory not writable. Skipping...
mktexlsr: Done.
--end of output of mktexlsr.

[Wed Nov 11 11:49:54 2020] running mktexlsr
[Wed Nov 11 11:49:54 2020] success, output:
mktexlsr: /etc/texmf: directory not writable. Skipping...
mktexlsr: /usr/share/texmf-dist: directory not writable. Skipping...
mktexlsr: /var/lib/texmf: directory not writable. Skipping...
mktexlsr: Done.
--end of output of mktexlsr.

[Wed Nov 11 11:50:09 2020] running mktexlsr
[Wed Nov 11 11:50:09 2020] success, output:
mktexlsr: /etc/texmf: directory not writable. Skipping...
mktexlsr: /usr/share/texmf-dist: directory not writable. Skipping...
mktexlsr: /var/lib/texmf: directory not writable. Skipping...
mktexlsr: Done.
--end of output of mktexlsr.

[Wed Nov 11 11:50:24 2020] running mktexlsr
[Wed Nov 11 11:50:24 2020] success, output:
mktexlsr: /etc/texmf: directory not writable. Skipping...
mktexlsr: /usr/share/texmf-dist: directory not writable. Skipping...
mktexlsr: /var/lib/texmf: directory not writable. Skipping...
mktexlsr: Done.
--end of output of mktexlsr.

[Wed Nov 11 11:50:41 2020] running mktexlsr
[Wed Nov 11 11:50:41 2020] success, output:
mktexlsr: /etc/texmf: directory not writable. Skipping...
mktexlsr: /usr/share/texmf-dist: directory not writable. Skipping...
mktexlsr: /var/lib/texmf: directory not writable. Skipping...
mktexlsr: Done.
--end of output of mktexlsr.

[Wed Nov 11 11:51:21 2020] running mktexlsr
[Wed Nov 11 11:51:21 2020] success, output:
mktexlsr: /etc/texmf: directory not writable. Skipping...
mktexlsr: /usr/share/texmf-dist: directory not writable. Skipping...
mktexlsr: /var/lib/texmf: directory not writable. Skipping...
mktexlsr: Done.
--end of output of mktexlsr.

[Wed Nov 11 11:51:55 2020] running mktexlsr
[Wed Nov 11 11:51:55 2020] success, output:
mktexlsr: /etc/texmf: directory not writable. Skipping...
mktexlsr: /usr/share/texmf-dist: directory not writable. Skipping...
mktexlsr: /var/lib/texmf: directory not writable. Skipping...
mktexlsr: Done.
--end of output of mktexlsr.

[Wed Nov 11 11:52:10 2020] running mktexlsr
[Wed Nov 11 11:52:10 2020] success, output:
mktexlsr: /etc/texmf: directory not writable. Skipping...
mktexlsr: /usr/share/texmf-dist: directory not writable. Skipping...
mktexlsr: /var/lib/texmf: directory not writable. Skipping...
mktexlsr: Done.
--end of output of mktexlsr.

[Sun Jan 10 17:48:51 2021] running mktexlsr
[Sun Jan 10 17:48:51 2021] success, output:
mktexlsr: /etc/texmf: directory not writable. Skipping...
mktexlsr: /usr/share/texmf-dist: directory not writable. Skipping...
mktexlsr: /var/lib/texmf: directory not writable. Skipping...
mktexlsr: Done.
--end of output of mktexlsr.

[Sun Jan 10 17:49:30 2021] running mktexlsr
[Sun Jan 10 17:49:30 2021] success, output:
mktexlsr: /etc/texmf: directory not writable. Skipping...
mktexlsr: /usr/share/texmf-dist: directory not writable. Skipping...
mktexlsr: /var/lib/texmf: directory not writable. Skipping...
mktexlsr: Done.
--end of output of mktexlsr.

[Tue Jan 19 16:59:25 2021] running mktexlsr
[Tue Jan 19 16:59:25 2021] success, output:
mktexlsr: /etc/texmf: directory not writable. Skipping...
mktexlsr: /usr/share/texmf-dist: directory not writable. Skipping...
mktexlsr: /var/lib/texmf: directory not writable. Skipping...
mktexlsr: Done.
--end of output of mktexlsr.

